<?xml version="1.0" encoding="UTF-8"?>
<testsuite xmlns:xsi="http://www.w3.org/2001/XMLSchema-instance" xsi:noNamespaceSchemaLocation="https://maven.apache.org/surefire/maven-surefire-plugin/xsd/surefire-test-report-3.0.xsd" version="3.0" name="proyecto.inventario.AppTest" time="0.096" tests="7" errors="0" skipped="0" failures="0">
  <properties>
[...]
</properties>
  <testcase name="testAppMainMethod" classname="proyecto.inventario.AppTest" time="0.055"/>
  <testcase name="testAppMainMethodProducesOutput" classname="proyecto.inventario.AppTest" time="0.003"/>
  <testcase name="testAppMainMethodCreatesCsvFile" classname="proyecto.inventario.AppTest" time="0.004"/>
  <testcase name="testAppMainMethodWithEmptyArgs" classname="proyecto.inventario.AppTest" time="0.006"/>
  <testcase name="testAppMainMethodWithNullArgs" classname="proyecto.inventario.AppTest" time="0.011"/>
  <testcase name="testAppClassExists" classname="proyecto.inventario.AppTest" time="0.0"/>
  <testcase name="testAppIntegratesWithInventory" classname="proyecto.inventario.AppTest" time="0.006"/>
</testsuite>